18:52:37 **** Build of configuration Debug for project CAssignments ****
make all 
Building file: ../Prg1/main.c
Invoking: GCC C Compiler
gcc -O0 -g3 -Wall -c -fmessage-length=0 -MMD -MP -MF"Prg1/main.d" -MT"Prg1/main.o" -o "Prg1/main.o" "../Prg1/main.c"
../Prg1/main.c: In function ‘main’:
../Prg1/main.c:10:2: warning: implicit declaration of function ‘printf’ [-Wimplicit-function-declaration]
  printf("hello");
  ^
../Prg1/main.c:10:2: warning: incompatible implicit declaration of built-in function ‘printf’ [enabled by default]
Finished building: ../Prg1/main.c
 
Building target: CAssignments
Invoking: GCC C Linker
gcc  -o "CAssignments"  ./Prg1/main.o   
Finished building target: CAssignments
 
18:53:02 **** Incremental Build of configuration Debug for project CAssignments ****
make all 
Building file: ../Prg1/main.c
Invoking: GCC C Compiler
gcc -O0 -g3 -Wall -c -fmessage-length=0 -MMD -MP -MF"Prg1/main.d" -MT"Prg1/main.o" -o "Prg1/main.o" "../Prg1/main.c"
Finished building: ../Prg1/main.c
 
Building target: CAssignments
Invoking: GCC C Linker
gcc  -o "CAssignments"  ./Prg1/main.o   
Finished building target: CAssignments
 
18:53:17 **** Incremental Build of configuration Debug for project CAssignments ****
make all 
make: Nothing to be done for 'all'.
19:01:32 **** Incremental Build of configuration Debug for project CAssignments ****
make all 
Building file: ../main1.c
Invoking: GCC C Compiler
gcc -O0 -g3 -Wall -c -fmessage-length=0 -MMD -MP -MF"main1.d" -MT"main1.o" -o "main1.o" "../main1.c"
Finished building: ../main1.c
 
Building target: CAssignments
Invoking: GCC C Linker
gcc  -o "CAssignments"  ./Prg1/main.o  ./main1.o   
./main1.o: In function `main':
/home/sunbeam/v/CAssignments/Debug/../main1.c:9: multiple definition of `main'
makefile:30: recipe for target 'CAssignments' failed
./Prg1/main.o:/home/sunbeam/v/CAssignments/Debug/../Prg1/main.c:9: first defined here
collect2: error: ld returned 1 exit status
make: *** [CAssignments] Error 1
19:02:00 **** Incremental Build of configuration Debug for project CAssignments ****
make all 
Building file: ../Prg1/main.c
Invoking: GCC C Compiler
gcc -O0 -g3 -Wall -c -fmessage-length=0 -MMD -MP -MF"Prg1/main.d" -MT"Prg1/main.o" -o "Prg1/main.o" "../Prg1/main.c"
Finished building: ../Prg1/main.c
 
Building target: CAssignments
Invoking: GCC C Linker
gcc  -o "CAssignments"  ./Prg1/main.o  ./main1.o   
Finished building target: CAssignments
 
19:02:05 **** Incremental Build of configuration Debug for project CAssignments ****
make all 
make: Nothing to be done for 'all'.
19:03:30 **** Incremental Build of configuration Debug for project CAssignments ****
make all 
Building file: ../Prg1/main.c
Invoking: GCC C Compiler
gcc -O0 -g3 -Wall -c -fmessage-length=0 -MMD -MP -MF"Prg1/main.d" -MT"Prg1/main.o" -o "Prg1/main.o" "../Prg1/main.c"
Finished building: ../Prg1/main.c
 
Building target: CAssignments
Invoking: GCC C Linker
gcc  -o "CAssignments"  ./Prg1/main.o   
Finished building target: CAssignments
 
19:03:32 **** Incremental Build of configuration Debug for project CAssignments ****
make all 
make: Nothing to be done for 'all'.
